This is pdfTeX, Version 3.14159265-2.6-1.40.19 (TeX Live 2019/dev/Debian) (preloaded format=pdflatex 2019.5.14)  5 JAN 2020 14:40
entering extended mode
 restricted \write18 enabled.
 %&-line parsing enabled.
**myfile.audit.tex
(/usr/share/texlive/texmf-dist/tex/latex/tools/q.tex
! Interruption.
<to be read again> 
                   \begingroup 
l.1 
    %%
? 
LaTeX2e <2018-04-01> patch level 4
Babel <3.20> and hyphenation patterns for 84 language(s) loaded.
File ignored
)
! Emergency stop.
<*> myfile.audit.tex
                    
*** (job aborted, no legal \end found)

 
Here is how much of TeX's memory you used:
 7 strings out of 492648
 266 string characters out of 6132015
 56456 words of memory out of 5000000
 3989 multiletter control sequences out of 15000+600000
 3640 words of font info for 14 fonts, out of 8000000 for 9000
 1141 hyphenation exceptions out of 8191
 5i,0n,1p,96b,8s stack positions out of 5000i,500n,10000p,200000b,80000s
!  ==> Fatal error occurred, no output PDF file produced!
